TN:
SF:/Users/ryanmilbourne/Lighthouse/scheduler/src/components/Application.js
FN:16,Application
FN:27,(anonymous_1)
FNF:2
FNH:2
FNDA:13,Application
FNDA:16,(anonymous_1)
DA:22,13
DA:24,13
DA:26,13
DA:28,16
DA:41,13
LF:5
LH:5
BRF:0
BRH:0
end_of_record
TN:
SF:/Users/ryanmilbourne/Lighthouse/scheduler/src/components/Button.js
FN:7,Button
FNF:1
FNH:1
FNDA:47,Button
DA:8,47
DA:13,47
LF:2
LH:2
BRF:0
BRH:0
end_of_record
TN:
SF:/Users/ryanmilbourne/Lighthouse/scheduler/src/components/DayList.js
FN:5,DayList
FN:6,(anonymous_1)
FNF:2
FNH:2
FNDA:13,DayList
FNDA:16,(anonymous_1)
DA:6,13
DA:7,16
DA:18,13
LF:3
LH:3
BRF:0
BRH:0
end_of_record
TN:
SF:/Users/ryanmilbourne/Lighthouse/scheduler/src/components/DayListItem.js
FN:6,formatSpots
FN:13,DayListItem
FN:22,(anonymous_2)
FNF:3
FNH:2
FNDA:16,formatSpots
FNDA:16,DayListItem
FNDA:0,(anonymous_2)
DA:7,16
DA:8,15
DA:10,1
DA:14,16
DA:19,16
DA:22,0
LF:6
LH:5
BRDA:7,0,0,1
BRDA:7,0,1,15
BRDA:8,1,0,14
BRDA:8,1,1,1
BRF:4
BRH:4
end_of_record
TN:
SF:/Users/ryanmilbourne/Lighthouse/scheduler/src/components/InterviewerList.js
FN:8,InterviewerList
FN:9,(anonymous_1)
FN:17,(anonymous_2)
FNF:3
FNH:3
FNDA:21,InterviewerList
FNDA:29,(anonymous_1)
FNDA:2,(anonymous_2)
DA:9,21
DA:10,29
DA:17,2
DA:22,21
DA:30,4
LF:5
LH:5
BRF:0
BRH:0
end_of_record
TN:
SF:/Users/ryanmilbourne/Lighthouse/scheduler/src/components/InterviewerListItem.js
FN:6,InterviewerItem
FNF:1
FNH:1
FNDA:29,InterviewerItem
DA:7,29
DA:11,29
LF:2
LH:2
BRDA:18,0,0,29
BRDA:18,0,1,9
BRF:2
BRH:2
end_of_record
TN:
SF:/Users/ryanmilbourne/Lighthouse/scheduler/src/components/Appointment/Confirm.js
FN:5,Confirm
FNF:1
FNH:1
FNDA:2,Confirm
DA:6,2
LF:1
LH:1
BRF:0
BRH:0
end_of_record
TN:
SF:/Users/ryanmilbourne/Lighthouse/scheduler/src/components/Appointment/Empty.js
FN:3,Empty
FNF:1
FNH:1
FNDA:22,Empty
DA:4,22
LF:1
LH:1
BRF:0
BRH:0
end_of_record
TN:
SF:/Users/ryanmilbourne/Lighthouse/scheduler/src/components/Appointment/Error.js
FN:3,Error
FNF:1
FNH:1
FNDA:2,Error
DA:4,2
LF:1
LH:1
BRF:0
BRH:0
end_of_record
TN:
SF:/Users/ryanmilbourne/Lighthouse/scheduler/src/components/Appointment/Form.js
FN:6,Form
FN:11,reset
FN:17,cancel
FN:22,validate
FN:41,(anonymous_4)
FN:48,(anonymous_5)
FNF:6
FNH:5
FNDA:21,Form
FNDA:1,reset
FNDA:1,cancel
FNDA:8,validate
FNDA:0,(anonymous_4)
FNDA:5,(anonymous_5)
DA:7,21
DA:8,21
DA:9,21
DA:12,1
DA:13,1
DA:14,1
DA:18,1
DA:19,1
DA:23,8
DA:24,2
DA:25,2
DA:28,6
DA:29,1
DA:30,1
DA:33,5
DA:35,5
DA:38,21
DA:41,0
DA:49,5
LF:19
LH:18
BRDA:7,0,0,21
BRDA:7,0,1,14
BRDA:8,1,0,21
BRDA:8,1,1,14
BRDA:23,2,0,2
BRDA:23,2,1,6
BRDA:28,3,0,1
BRDA:28,3,1,5
BRF:8
BRH:8
end_of_record
TN:
SF:/Users/ryanmilbourne/Lighthouse/scheduler/src/components/Appointment/Header.js
FN:3,Header
FNF:1
FNH:1
FNDA:50,Header
DA:4,50
LF:1
LH:1
BRF:0
BRH:0
end_of_record
TN:
SF:/Users/ryanmilbourne/Lighthouse/scheduler/src/components/Appointment/Show.js
FN:3,Show
FNF:1
FNH:1
FNDA:8,Show
DA:4,8
LF:1
LH:1
BRDA:11,0,0,8
BRDA:11,0,1,8
BRF:2
BRH:2
end_of_record
TN:
SF:/Users/ryanmilbourne/Lighthouse/scheduler/src/components/Appointment/Status.js
FN:3,Status
FNF:1
FNH:1
FNDA:13,Status
DA:4,13
LF:1
LH:1
BRF:0
BRH:0
end_of_record
TN:
SF:/Users/ryanmilbourne/Lighthouse/scheduler/src/components/Appointment/index.js
FN:16,Appointment
FN:33,save
FN:43,(anonymous_2)
FN:44,(anonymous_3)
FN:47,destroy
FN:51,(anonymous_5)
FN:52,(anonymous_6)
FN:64,(anonymous_7)
FN:72,(anonymous_8)
FN:73,(anonymous_9)
FNF:10
FNH:10
FNDA:50,Appointment
FNDA:3,save
FNDA:2,(anonymous_2)
FNDA:1,(anonymous_3)
FNDA:2,destroy
FNDA:1,(anonymous_5)
FNDA:1,(anonymous_6)
FNDA:2,(anonymous_7)
FNDA:2,(anonymous_8)
FNDA:1,(anonymous_9)
DA:18,50
DA:19,50
DA:20,50
DA:21,50
DA:22,50
DA:23,50
DA:24,50
DA:25,50
DA:26,50
DA:29,50
DA:31,50
DA:34,3
DA:39,3
DA:41,3
DA:43,2
DA:44,1
DA:48,2
DA:49,2
DA:51,1
DA:52,1
DA:55,50
DA:64,2
DA:72,2
DA:73,1
LF:24
LH:24
BRDA:29,0,0,20
BRDA:29,0,1,30
BRDA:62,1,0,50
BRDA:62,1,1,22
BRDA:68,2,0,50
BRDA:68,2,1,8
BRDA:77,3,0,50
BRDA:77,3,1,2
BRDA:85,4,0,50
BRDA:85,4,1,1
BRDA:94,5,0,50
BRDA:94,5,1,8
BRDA:96,6,0,50
BRDA:96,6,1,5
BRDA:98,7,0,50
BRDA:98,7,1,2
BRDA:106,8,0,50
BRDA:106,8,1,1
BRDA:113,9,0,50
BRDA:113,9,1,1
BRF:20
BRH:20
end_of_record
TN:
SF:/Users/ryanmilbourne/Lighthouse/scheduler/src/helpers/selectors.js
FN:1,getAppointmentsForDay
FN:2,(anonymous_1)
FN:6,(anonymous_2)
FN:9,getInterviewersForDay
FN:10,(anonymous_4)
FN:14,(anonymous_5)
FN:17,getInterview
FNF:7
FNH:7
FNDA:18,getAppointmentsForDay
FNDA:14,(anonymous_1)
FNDA:24,(anonymous_2)
FNDA:18,getInterviewersForDay
FNDA:14,(anonymous_4)
FNDA:22,(anonymous_5)
FNDA:18,getInterview
DA:2,18
DA:4,18
DA:6,24
DA:10,18
DA:12,18
DA:14,22
DA:18,18
LF:7
LH:7
BRDA:4,0,0,7
BRDA:4,0,1,11
BRDA:4,1,0,18
BRDA:4,1,1,12
BRDA:12,2,0,7
BRDA:12,2,1,11
BRDA:12,3,0,18
BRDA:12,3,1,12
BRDA:19,4,0,18
BRDA:19,4,1,9
BRF:10
BRH:10
end_of_record
TN:
SF:/Users/ryanmilbourne/Lighthouse/scheduler/src/hooks/useApplicationData.js
FN:13,useApplicationData
FN:21,(anonymous_1)
FN:23,(anonymous_2)
FN:29,(anonymous_3)
FN:41,bookInterview
FN:42,(anonymous_5)
FN:51,cancelInterview
FN:52,(anonymous_7)
FNF:8
FNH:7
FNDA:13,useApplicationData
FNDA:0,(anonymous_1)
FNDA:5,(anonymous_2)
FNDA:5,(anonymous_3)
FNDA:3,bookInterview
FNDA:2,(anonymous_5)
FNDA:2,cancelInterview
FNDA:1,(anonymous_7)
DA:14,13
DA:21,13
DA:23,13
DA:24,5
DA:30,5
DA:39,13
DA:42,3
DA:43,2
DA:52,2
DA:53,1
DA:61,13
LF:11
LH:11
BRF:0
BRH:0
end_of_record
TN:
SF:/Users/ryanmilbourne/Lighthouse/scheduler/src/hooks/useRealtimeUpdate.js
FN:4,useRealtimeUpdate
FN:5,(anonymous_1)
FN:8,(anonymous_2)
FN:16,(anonymous_3)
FNF:4
FNH:3
FNDA:13,useRealtimeUpdate
FNDA:5,(anonymous_1)
FNDA:0,(anonymous_2)
FNDA:5,(anonymous_3)
DA:5,13
DA:6,5
DA:8,5
DA:9,0
DA:11,0
DA:12,0
DA:16,5
DA:17,5
LF:8
LH:5
BRDA:11,0,0,0
BRDA:11,0,1,0
BRDA:11,1,0,0
BRDA:11,1,1,0
BRF:4
BRH:0
end_of_record
TN:
SF:/Users/ryanmilbourne/Lighthouse/scheduler/src/hooks/useVisualMode.js
FN:3,(anonymous_0)
FN:7,(anonymous_1)
FN:9,(anonymous_2)
FN:12,(anonymous_3)
FN:14,(anonymous_4)
FNF:5
FNH:5
FNDA:63,(anonymous_0)
FNDA:20,(anonymous_1)
FNDA:20,(anonymous_2)
FNDA:4,(anonymous_3)
FNDA:3,(anonymous_4)
DA:3,4
DA:4,63
DA:5,63
DA:7,63
DA:8,20
DA:9,20
DA:12,63
DA:13,4
DA:14,3
DA:18,63
LF:10
LH:10
BRDA:7,0,0,15
BRDA:9,1,0,5
BRDA:9,1,1,15
BRDA:13,2,0,3
BRDA:13,2,1,1
BRF:5
BRH:5
end_of_record
TN:
SF:/Users/ryanmilbourne/Lighthouse/scheduler/src/reducers/application.js
FN:5,reducer
FN:27,(anonymous_1)
FN:30,(anonymous_2)
FN:34,(anonymous_3)
FNF:4
FNH:4
FNDA:9,reducer
FNDA:3,(anonymous_1)
FNDA:6,(anonymous_2)
FNDA:6,(anonymous_3)
DA:1,3
DA:2,3
DA:3,3
DA:6,9
DA:8,0
DA:10,5
DA:17,3
DA:22,3
DA:27,3
DA:28,3
DA:30,6
DA:34,3
DA:35,6
DA:43,3
DA:50,1
LF:15
LH:14
BRDA:6,0,0,0
BRDA:6,0,1,5
BRDA:6,0,2,3
BRDA:6,0,3,1
BRDA:19,1,0,3
BRDA:19,1,1,2
BRDA:30,2,0,3
BRDA:30,2,1,3
BRDA:35,3,0,3
BRDA:35,3,1,3
BRF:10
BRH:9
end_of_record
